  03_03_1.c
C:\Users\jhkim\OneDrive\바탕 화면\데이터 구조 프로그래밍\과제\03_03_1\03_03_1.c(20,9): warning C4477: 'printf' : 서식 문자열 '%lu'에 'unsigned long' 형식의 인수가 필요하지만 variadic 인수 1의 형식이 'char *'입니다.
C:\Users\jhkim\OneDrive\바탕 화면\데이터 구조 프로그래밍\과제\03_03_1\03_03_1.c(20,9): warning C4313: 'printf': 서식 문자열의 '%u'이(가) char *' 형식의 인수 1과(와) 충돌합니다.
C:\Users\jhkim\OneDrive\바탕 화면\데이터 구조 프로그래밍\과제\03_03_1\03_03_1.c(22,9): warning C4477: 'printf' : 서식 문자열 '%lu'에 'unsigned long' 형식의 인수가 필요하지만 variadic 인수 1의 형식이 'char *'입니다.
C:\Users\jhkim\OneDrive\바탕 화면\데이터 구조 프로그래밍\과제\03_03_1\03_03_1.c(22,9): warning C4313: 'printf': 서식 문자열의 '%u'이(가) char *' 형식의 인수 1과(와) 충돌합니다.
C:\Users\jhkim\OneDrive\바탕 화면\데이터 구조 프로그래밍\과제\03_03_1\03_03_1.c(22,9): warning C4477: 'printf' : 서식 문자열 '%lu'에 'unsigned long' 형식의 인수가 필요하지만 variadic 인수 2의 형식이 'int *'입니다.
C:\Users\jhkim\OneDrive\바탕 화면\데이터 구조 프로그래밍\과제\03_03_1\03_03_1.c(22,9): warning C4313: 'printf': 서식 문자열의 '%u'이(가) int *' 형식의 인수 2과(와) 충돌합니다.
C:\Users\jhkim\OneDrive\바탕 화면\데이터 구조 프로그래밍\과제\03_03_1\03_03_1.c(22,9): warning C4477: 'printf' : 서식 문자열 '%lu'에 'unsigned long' 형식의 인수가 필요하지만 variadic 인수 3의 형식이 'float *'입니다.
C:\Users\jhkim\OneDrive\바탕 화면\데이터 구조 프로그래밍\과제\03_03_1\03_03_1.c(22,9): warning C4313: 'printf': 서식 문자열의 '%u'이(가) float *' 형식의 인수 3과(와) 충돌합니다.
C:\Users\jhkim\OneDrive\바탕 화면\데이터 구조 프로그래밍\과제\03_03_1\03_03_1.c(22,9): warning C4477: 'printf' : 서식 문자열 '%lu'에 'unsigned long' 형식의 인수가 필요하지만 variadic 인수 4의 형식이 'double *'입니다.
C:\Users\jhkim\OneDrive\바탕 화면\데이터 구조 프로그래밍\과제\03_03_1\03_03_1.c(22,9): warning C4313: 'printf': 서식 문자열의 '%u'이(가) double *' 형식의 인수 4과(와) 충돌합니다.
C:\Users\jhkim\OneDrive\바탕 화면\데이터 구조 프로그래밍\과제\03_03_1\03_03_1.c(28,9): warning C4477: 'printf' : 서식 문자열 '%lu'에 'unsigned long' 형식의 인수가 필요하지만 variadic 인수 1의 형식이 'char *'입니다.
C:\Users\jhkim\OneDrive\바탕 화면\데이터 구조 프로그래밍\과제\03_03_1\03_03_1.c(28,9): warning C4313: 'printf': 서식 문자열의 '%u'이(가) char *' 형식의 인수 1과(와) 충돌합니다.
C:\Users\jhkim\OneDrive\바탕 화면\데이터 구조 프로그래밍\과제\03_03_1\03_03_1.c(28,9): warning C4477: 'printf' : 서식 문자열 '%lu'에 'unsigned long' 형식의 인수가 필요하지만 variadic 인수 2의 형식이 'int *'입니다.
C:\Users\jhkim\OneDrive\바탕 화면\데이터 구조 프로그래밍\과제\03_03_1\03_03_1.c(28,9): warning C4313: 'printf': 서식 문자열의 '%u'이(가) int *' 형식의 인수 2과(와) 충돌합니다.
C:\Users\jhkim\OneDrive\바탕 화면\데이터 구조 프로그래밍\과제\03_03_1\03_03_1.c(28,9): warning C4477: 'printf' : 서식 문자열 '%lu'에 'unsigned long' 형식의 인수가 필요하지만 variadic 인수 3의 형식이 'float *'입니다.
C:\Users\jhkim\OneDrive\바탕 화면\데이터 구조 프로그래밍\과제\03_03_1\03_03_1.c(28,9): warning C4313: 'printf': 서식 문자열의 '%u'이(가) float *' 형식의 인수 3과(와) 충돌합니다.
C:\Users\jhkim\OneDrive\바탕 화면\데이터 구조 프로그래밍\과제\03_03_1\03_03_1.c(28,9): warning C4477: 'printf' : 서식 문자열 '%lu'에 'unsigned long' 형식의 인수가 필요하지만 variadic 인수 4의 형식이 'double *'입니다.
C:\Users\jhkim\OneDrive\바탕 화면\데이터 구조 프로그래밍\과제\03_03_1\03_03_1.c(28,9): warning C4313: 'printf': 서식 문자열의 '%u'이(가) double *' 형식의 인수 4과(와) 충돌합니다.
  03_03_1.vcxproj -> C:\Users\jhkim\OneDrive\바탕 화면\데이터 구조 프로그래밍\과제\03_03_1\x64\Debug\03_03_1.exe
